<?xml version="1.0" encoding="UTF-8"?>
<testng-results skipped="0" failed="0" total="1" passed="1">
  <reporter-output>
  </reporter-output>
  <suite name="Default suite" duration-ms="15545" started-at="2020-08-25T02:22:51Z" finished-at="2020-08-25T02:23:07Z">
    <groups>
    </groups>
    <test name="Default test" duration-ms="15545" started-at="2020-08-25T02:22:51Z" finished-at="2020-08-25T02:23:07Z">
      <class name="TestPackage2.Test3">
        <test-method status="PASS" signature="BeforeSuite()[pri:0, instance:TestPackage2.Test3@d7b1517]" name="BeforeSuite" is-config="true" duration-ms="40" started-at="2020-08-25T07:52:51Z" finished-at="2020-08-25T07:52:51Z">
          <reporter-output>
          </reporter-output>
        </test-method> <!-- BeforeSuite -->
        <test-method status="PASS" signature="BeforeTest()[pri:0, instance:TestPackage2.Test3@d7b1517]" name="BeforeTest" is-config="true" duration-ms="2" started-at="2020-08-25T07:52:51Z" finished-at="2020-08-25T07:52:51Z">
          <reporter-output>
          </reporter-output>
        </test-method> <!-- BeforeTest -->
        <test-method status="PASS" signature="BeforeClass()[pri:0, instance:TestPackage2.Test3@d7b1517]" name="BeforeClass" is-config="true" duration-ms="8" started-at="2020-08-25T07:52:51Z" finished-at="2020-08-25T07:52:51Z">
          <reporter-output>
          </reporter-output>
        </test-method> <!-- BeforeClass -->
        <test-method status="PASS" signature="Openbroswer()[pri:0, instance:TestPackage2.Test3@d7b1517]" name="Openbroswer" is-config="true" duration-ms="7310" started-at="2020-08-25T07:52:51Z" finished-at="2020-08-25T07:52:58Z">
          <reporter-output>
          </reporter-output>
        </test-method> <!-- Openbroswer -->
        <test-method status="PASS" signature="b()[pri:0, instance:TestPackage2.Test3@d7b1517]" name="b" duration-ms="4323" started-at="2020-08-25T07:52:58Z" finished-at="2020-08-25T07:53:03Z">
          <reporter-output>
          </reporter-output>
        </test-method> <!-- b -->
        <test-method status="PASS" signature="tearDown()[pri:0, instance:TestPackage2.Test3@d7b1517]" name="tearDown" is-config="true" duration-ms="3866" started-at="2020-08-25T07:53:03Z" finished-at="2020-08-25T07:53:07Z">
          <reporter-output>
          </reporter-output>
        </test-method> <!-- tearDown -->
        <test-method status="PASS" signature="AfterClass()[pri:0, instance:TestPackage2.Test3@d7b1517]" name="AfterClass" is-config="true" duration-ms="1" started-at="2020-08-25T07:53:07Z" finished-at="2020-08-25T07:53:07Z">
          <reporter-output>
          </reporter-output>
        </test-method> <!-- AfterClass -->
        <test-method status="PASS" signature="AfterTest()[pri:0, instance:TestPackage2.Test3@d7b1517]" name="AfterTest" is-config="true" duration-ms="1" started-at="2020-08-25T07:53:07Z" finished-at="2020-08-25T07:53:07Z">
          <reporter-output>
          </reporter-output>
        </test-method> <!-- AfterTest -->
        <test-method status="PASS" signature="AfterSuite()[pri:0, instance:TestPackage2.Test3@d7b1517]" name="AfterSuite" is-config="true" duration-ms="1" started-at="2020-08-25T07:53:07Z" finished-at="2020-08-25T07:53:07Z">
          <reporter-output>
          </reporter-output>
        </test-method> <!-- AfterSuite -->
      </class> <!-- TestPackage2.Test3 -->
    </test> <!-- Default test -->
  </suite> <!-- Default suite -->
</testng-results>
